<?xml version="1.0" encoding="UTF-8"?>
<!-- Generated by org.testng.reporters.JUnitXMLReporter -->
<testsuite hostname="IRONMAN" ignored="0" name="Chrome testing" tests="3" failures="0" timestamp="2022-01-30T11:59:24 IST" time="72.824" errors="0">
  <testcase name="test1" time="18.169" classname="com.mindtree.runners.LambdaTest"/>
  <testcase name="test3" time="22.072" classname="com.mindtree.runners.LambdaTest"/>
  <testcase name="test2" time="72.681" classname="com.mindtree.runners.LambdaTest"/>
</testsuite> <!-- Chrome testing -->
