<?xml version="1.0" encoding="UTF-8"?>
<!-- Generated by org.testng.reporters.JUnitXMLReporter -->
<testsuite hostname="IRONMAN" ignored="0" name="Internet Explorer testing" tests="3" failures="0" timestamp="2022-01-30T12:00:51 IST" time="86.428" errors="0">
  <testcase name="test2" time="73.613" classname="com.mindtree.runners.LambdaTest"/>
  <testcase name="test3" time="86.41" classname="com.mindtree.runners.LambdaTest"/>
  <testcase name="test1" time="86.417" classname="com.mindtree.runners.LambdaTest"/>
</testsuite> <!-- Internet Explorer testing -->
