<?xml version="1.0" encoding="UTF-8"?>
<!-- Generated by org.testng.reporters.JUnitXMLReporter -->
<testsuite ignored="0" hostname="Prathamesh" failures="0" tests="3" name="LambdaTest" time="62.236" errors="0" timestamp="2022-04-24T19:41:28 IST">
  <testcase classname="com.mindtree.runners.LambdaTest" name="test1" time="15.388"/>
  <testcase classname="com.mindtree.runners.LambdaTest" name="test2" time="38.273"/>
  <testcase classname="com.mindtree.runners.LambdaTest" name="test3" time="8.528"/>
</testsuite> <!-- LambdaTest -->
