<?xml version="1.0" encoding="UTF-8"?>
<!-- Generated by org.testng.reporters.JUnitXMLReporter -->
<testsuite hostname="IRONMAN" ignored="0" name="MicrosoftEdge testing" tests="3" failures="0" timestamp="2022-01-30T12:03:54 IST" time="183.313" errors="0">
  <testcase name="test1" time="157.506" classname="com.mindtree.runners.LambdaTest"/>
  <testcase name="test3" time="174.492" classname="com.mindtree.runners.LambdaTest"/>
  <testcase name="test2" time="183.283" classname="com.mindtree.runners.LambdaTest"/>
</testsuite> <!-- MicrosoftEdge testing -->
