<?xml version="1.0" encoding="UTF-8"?>
<testng-results ignored="0" total="3" passed="3" failed="0" skipped="0">
  <reporter-output>
  </reporter-output>
  <suite started-at="2022-04-24T19:40:26 IST" name="Suite" finished-at="2022-04-24T19:41:28 IST" duration-ms="62236">
    <groups>
    </groups>
    <test started-at="2022-04-24T19:40:26 IST" name="LambdaTest" finished-at="2022-04-24T19:41:28 IST" duration-ms="62236">
      <class name="com.mindtree.runners.LambdaTest">
        <test-method signature="test1()[pri:0, instance:com.mindtree.runners.LambdaTest@14555e0a]" started-at="2022-04-24T19:40:26 IST" name="test1" finished-at="2022-04-24T19:40:41 IST" duration-ms="15388" status="PASS">
          <reporter-output>
          </reporter-output>
        </test-method> <!-- test1 -->
        <test-method signature="test2()[pri:0, instance:com.mindtree.runners.LambdaTest@14555e0a]" started-at="2022-04-24T19:40:41 IST" name="test2" finished-at="2022-04-24T19:41:19 IST" duration-ms="38273" status="PASS">
          <reporter-output>
          </reporter-output>
        </test-method> <!-- test2 -->
        <test-method signature="test3()[pri:0, instance:com.mindtree.runners.LambdaTest@14555e0a]" started-at="2022-04-24T19:41:19 IST" name="test3" finished-at="2022-04-24T19:41:28 IST" duration-ms="8528" status="PASS">
          <reporter-output>
          </reporter-output>
        </test-method> <!-- test3 -->
      </class> <!-- com.mindtree.runners.LambdaTest -->
    </test> <!-- LambdaTest -->
  </suite> <!-- Suite -->
</testng-results>
